

build.fsx(170,36): warning FS0044: This construct is deprecated. use .Commit instead


build.fsx(170,36): warning FS0044: This construct is deprecated. use .Commit instead


build.fsx(170,36): warning FS0044: This construct is deprecated. use .Commit instead
Help generated
warning: push.default is unset; its implicit value is changing in
Git 2.0 from 'matching' to 'simple'. To squelch this message
and maintain the current behavior after the default changes, use:

  git config --global push.default matching

To squelch this message and adopt the new behavior now, use:

  git config --global push.default simple

See 'git help config' and search for 'push.default' for further information.
(the 'simple' mode was introduced in Git 1.7.11. Use the similar mode
'current' instead of 'simple' if you sometimes use older versions of Git)

\"C:/Program Files (x86)/GitExtensions/GitCredentialWinStore/git-credential-winstore.exe\" get: -c: line 0: syntax error near unexpected token `('
\"C:/Program Files (x86)/GitExtensions/GitCredentialWinStore/git-credential-winstore.exe\" get: -c: line 0: `\"C:/Program Files (x86)/GitExtensions/GitCredentialWinStore/git-credential-winstore.exe\" get'
\"C:/Program Files (x86)/GitExtensions/GitCredentialWinStore/git-credential-winstore.exe\" store: -c: line 0: syntax error near unexpected token `('
\"C:/Program Files (x86)/GitExtensions/GitCredentialWinStore/git-credential-winstore.exe\" store: -c: line 0: `\"C:/Program Files (x86)/GitExtensions/GitCredentialWinStore/git-credential-winstore.exe\" store'
Everything up-to-date
Paket failed with:
	Could not find a part of the path 'C:\gsv\projects\YC\YC.PrettyPrinter\temp\gh-pages\src\YC.PrettyPrinter\bin\Release\YC.PrettyPrinter.dll'.
Running build failed.
Error:
System.Exception: Error during packing ..
   at Fake.Paket.Pack@68.Invoke(String message) in C:\code\fake\src\app\FakeLib\PaketHelper.fs:line 68
   at Fake.Paket.Pack(FSharpFunc`2 setParams) in C:\code\fake\src\app\FakeLib\PaketHelper.fs:line 68
   at FSI_0005.Build.clo@180-16.Invoke(Unit _arg9) in C:\gsv\projects\YC\YC.PrettyPrinter\build.fsx:line 181
   at Fake.TargetHelper.runSingleTarget(TargetTemplate`1 target) in C:\code\fake\src\app\FakeLib\TargetHelper.fs:line 411
Status:                 Failure
  1) System.Exception: Error during packing ..
   at Fake.Paket.Pack@68.Invoke(String message) in C:\code\fake\src\app\FakeLib\PaketHelper.fs:line 68
   at Fake.Paket.Pack(FSharpFunc`2 setParams) in C:\code\fake\src\app\FakeLib\PaketHelper.fs:line 68
   at FSI_0005.Build.clo@180-16.Invoke(Unit _arg9) in C:\gsv\projects\YC\YC.PrettyPrinter\build.fsx:line 181
   at Fake.TargetHelper.runSingleTarget(TargetTemplate`1 target) in C:\code\fake\src\app\FakeLib\TargetHelper.fs:line 411
